<?xml version="1.0" encoding="UTF-8"?>
<testsuite name="TestNGTest-c2816c20-fe34-426c-9027-ac0abd7921e2"
           tests="8"
           failures="6"
           errors="0"
           skipped="0"
           time="31.285">
    <properties></properties>

            <testcase
                name="tearDown"
                time="2.017"
                classname="Test_Script.F03">

            <failure type="org.openqa.selenium.NoSuchSessionException" message="Tried to run command without establishing a connection
Build info: version: &apos;4.29.0&apos;, revision: &apos;5fc1ec94cb&apos;
System info: os.name: &apos;Windows 11&apos;, os.arch: &apos;amd64&apos;, os.version: &apos;10.0&apos;, java.version: &apos;22&apos;
Driver info: org.openqa.selenium.firefox.FirefoxDriver
Command: [14cb7c24-24f4-4f23-ac13-e4ff9a28d652, quit {}]
Capabilities {acceptInsecureCerts: true, browserName: firefox, browserVersion: 135.0.1, moz:accessibilityChecks: false, moz:buildID: 20250216192613, moz:geckodriverVersion: 0.36.0, moz:headless: false, moz:platformVersion: 10.0, moz:processID: 17108, moz:profile: C:\Users\tient\AppData\Loca..., moz:shutdownTimeout: 60000, moz:webdriverClick: true, moz:windowless: false, pageLoadStrategy: normal, platformName: windows, proxy: Proxy(), setWindowRect: true, strictFileInteractability: false, timeouts: {implicit: 0, pageLoad: 300000, script: 30000}, unhandledPromptBehavior: dismiss and notify, userAgent: Mozilla/5.0 (Windows NT 10....}
Session ID: 14cb7c24-24f4-4f23-ac13-e4ff9a28d652">
                <![CDATA[org.openqa.selenium.NoSuchSessionException: Tried to run command without establishing a connection
Build info: version: '4.29.0', revision: '5fc1ec94cb'
System info: os.name: 'Windows 11', os.arch: 'amd64', os.version: '10.0', java.version: '22'
Driver info: org.openqa.selenium.firefox.FirefoxDriver
Command: [14cb7c24-24f4-4f23-ac13-e4ff9a28d652, quit {}]
Capabilities {acceptInsecureCerts: true, browserName: firefox, browserVersion: 135.0.1, moz:accessibilityChecks: false, moz:buildID: 20250216192613, moz:geckodriverVersion: 0.36.0, moz:headless: false, moz:platformVersion: 10.0, moz:processID: 17108, moz:profile: C:\Users\tient\AppData\Loca..., moz:shutdownTimeout: 60000, moz:webdriverClick: true, moz:windowless: false, pageLoadStrategy: normal, platformName: windows, proxy: Proxy(), setWindowRect: true, strictFileInteractability: false, timeouts: {implicit: 0, pageLoad: 300000, script: 30000}, unhandledPromptBehavior: dismiss and notify, userAgent: Mozilla/5.0 (Windows NT 10....}
Session ID: 14cb7c24-24f4-4f23-ac13-e4ff9a28d652
                java.base/jdk.internal.reflect.DirectConstructorHandleAccessor.newInstance(DirectConstructorHandleAccessor.java:62)java.base/java.lang.reflect.Constructor.newInstanceWithCaller(Constructor.java:502)java.base/java.lang.reflect.Constructor.newInstance(Constructor.java:486)org.openqa.selenium.remote.ErrorCodec.decode(ErrorCodec.java:167)org.openqa.selenium.remote.codec.w3c.W3CHttpResponseCodec.decode(W3CHttpResponseCodec.java:138)org.openqa.selenium.remote.codec.w3c.W3CHttpResponseCodec.decode(W3CHttpResponseCodec.java:50)org.openqa.selenium.remote.HttpCommandExecutor.execute(HttpCommandExecutor.java:215)org.openqa.selenium.remote.service.DriverCommandExecutor.invokeExecute(DriverCommandExecutor.java:216)org.openqa.selenium.remote.service.DriverCommandExecutor.lambda$execute$1(DriverCommandExecutor.java:126)java.base/java.util.concurrent.CompletableFuture$AsyncSupply.run(CompletableFuture.java:1768)java.base/java.util.concurrent.ThreadPoolExecutor.runWorker(ThreadPoolExecutor.java:1144)java.base/java.util.concurrent.ThreadPoolExecutor$Worker.run(ThreadPoolExecutor.java:642)java.base/java.lang.Thread.run(Thread.java:1570)
]]>
            </failure>
    </testcase>
            <testcase
                name="TC04_AdultsNumBelow"
                time="5.373"
                classname="Test_Script.F03">

            <failure type="org.openqa.selenium.WebDriverException" message="Failed to decode response from marionette
Build info: version: &apos;4.29.0&apos;, revision: &apos;5fc1ec94cb&apos;
System info: os.name: &apos;Windows 11&apos;, os.arch: &apos;amd64&apos;, os.version: &apos;10.0&apos;, java.version: &apos;22&apos;
Driver info: org.openqa.selenium.firefox.FirefoxDriver
Command: [14cb7c24-24f4-4f23-ac13-e4ff9a28d652, goBack {}]
Capabilities {acceptInsecureCerts: true, browserName: firefox, browserVersion: 135.0.1, moz:accessibilityChecks: false, moz:buildID: 20250216192613, moz:geckodriverVersion: 0.36.0, moz:headless: false, moz:platformVersion: 10.0, moz:processID: 17108, moz:profile: C:\Users\tient\AppData\Loca..., moz:shutdownTimeout: 60000, moz:webdriverClick: true, moz:windowless: false, pageLoadStrategy: normal, platformName: windows, proxy: Proxy(), setWindowRect: true, strictFileInteractability: false, timeouts: {implicit: 0, pageLoad: 300000, script: 30000}, unhandledPromptBehavior: dismiss and notify, userAgent: Mozilla/5.0 (Windows NT 10....}
Session ID: 14cb7c24-24f4-4f23-ac13-e4ff9a28d652">
                <![CDATA[org.openqa.selenium.WebDriverException: Failed to decode response from marionette
Build info: version: '4.29.0', revision: '5fc1ec94cb'
System info: os.name: 'Windows 11', os.arch: 'amd64', os.version: '10.0', java.version: '22'
Driver info: org.openqa.selenium.firefox.FirefoxDriver
Command: [14cb7c24-24f4-4f23-ac13-e4ff9a28d652, goBack {}]
Capabilities {acceptInsecureCerts: true, browserName: firefox, browserVersion: 135.0.1, moz:accessibilityChecks: false, moz:buildID: 20250216192613, moz:geckodriverVersion: 0.36.0, moz:headless: false, moz:platformVersion: 10.0, moz:processID: 17108, moz:profile: C:\Users\tient\AppData\Loca..., moz:shutdownTimeout: 60000, moz:webdriverClick: true, moz:windowless: false, pageLoadStrategy: normal, platformName: windows, proxy: Proxy(), setWindowRect: true, strictFileInteractability: false, timeouts: {implicit: 0, pageLoad: 300000, script: 30000}, unhandledPromptBehavior: dismiss and notify, userAgent: Mozilla/5.0 (Windows NT 10....}
Session ID: 14cb7c24-24f4-4f23-ac13-e4ff9a28d652
                java.base/jdk.internal.reflect.DirectConstructorHandleAccessor.newInstance(DirectConstructorHandleAccessor.java:62)java.base/java.lang.reflect.Constructor.newInstanceWithCaller(Constructor.java:502)java.base/java.lang.reflect.Constructor.newInstance(Constructor.java:486)org.openqa.selenium.remote.ErrorCodec.decode(ErrorCodec.java:167)org.openqa.selenium.remote.codec.w3c.W3CHttpResponseCodec.decode(W3CHttpResponseCodec.java:138)org.openqa.selenium.remote.codec.w3c.W3CHttpResponseCodec.decode(W3CHttpResponseCodec.java:50)org.openqa.selenium.remote.HttpCommandExecutor.execute(HttpCommandExecutor.java:215)org.openqa.selenium.remote.service.DriverCommandExecutor.invokeExecute(DriverCommandExecutor.java:216)org.openqa.selenium.remote.service.DriverCommandExecutor.execute(DriverCommandExecutor.java:174)org.openqa.selenium.remote.RemoteWebDriver.execute(RemoteWebDriver.java:545)org.openqa.selenium.remote.RemoteWebDriver.execute(RemoteWebDriver.java:618)org.openqa.selenium.remote.RemoteWebDriver.execute(RemoteWebDriver.java:622)org.openqa.selenium.remote.RemoteWebDriver$RemoteNavigation.back(RemoteWebDriver.java:1080)Test_Script.F03.perform_testTours(F03.java:119)Test_Script.F03.TC04_AdultsNumBelow(F03.java:42)java.base/jdk.internal.reflect.DirectMethodHandleAccessor.invoke(DirectMethodHandleAccessor.java:103)java.base/java.lang.reflect.Method.invoke(Method.java:580)org.testng.internal.invokers.MethodInvocationHelper.invokeMethod(MethodInvocationHelper.java:141)org.testng.internal.invokers.TestInvoker.invokeMethod(TestInvoker.java:686)org.testng.internal.invokers.TestInvoker.invokeTestMethod(TestInvoker.java:230)org.testng.internal.invokers.MethodRunner.runInSequence(MethodRunner.java:63)org.testng.internal.invokers.TestInvoker$MethodInvocationAgent.invoke(TestInvoker.java:992)org.testng.internal.invokers.TestInvoker.invokeTestMethods(TestInvoker.java:203)org.testng.internal.invokers.TestMethodWorker.invokeTestMethods(TestMethodWorker.java:154)org.testng.internal.invokers.TestMethodWorker.run(TestMethodWorker.java:134)java.base/java.util.ArrayList.forEach(ArrayList.java:1597)org.testng.TestRunner.privateRun(TestRunner.java:739)org.testng.TestRunner.run(TestRunner.java:614)org.testng.SuiteRunner.runTest(SuiteRunner.java:421)org.testng.SuiteRunner.runSequentially(SuiteRunner.java:413)org.testng.SuiteRunner.privateRun(SuiteRunner.java:373)org.testng.SuiteRunner.run(SuiteRunner.java:312)org.testng.SuiteRunnerWorker.runSuite(SuiteRunnerWorker.java:52)org.testng.SuiteRunnerWorker.run(SuiteRunnerWorker.java:95)org.testng.TestNG.runSuitesSequentially(TestNG.java:1274)org.testng.TestNG.runSuitesLocally(TestNG.java:1208)org.testng.TestNG.runSuites(TestNG.java:1112)org.testng.TestNG.run(TestNG.java:1079)com.microsoft.java.test.runner.testng.TestNGRunner.run(TestNGRunner.java:45)com.microsoft.java.test.runner.testng.TestNGLauncher.execute(TestNGLauncher.java:32)com.microsoft.java.test.runner.Launcher.main(Launcher.java:57)
]]>
            </failure>
    </testcase>
            <testcase
                name="TC05_AdultsNumBlank"
                time="0.004"
                classname="Test_Script.F03">

            <failure type="org.openqa.selenium.NoSuchSessionException" message="Tried to run command without establishing a connection
Build info: version: &apos;4.29.0&apos;, revision: &apos;5fc1ec94cb&apos;
System info: os.name: &apos;Windows 11&apos;, os.arch: &apos;amd64&apos;, os.version: &apos;10.0&apos;, java.version: &apos;22&apos;
Driver info: org.openqa.selenium.firefox.FirefoxDriver
Command: [14cb7c24-24f4-4f23-ac13-e4ff9a28d652, findElement {value=/html/body/main/div[1]/div[2]/div[2]/div/div/ul/li[3]/button, using=xpath}]
Capabilities {acceptInsecureCerts: true, browserName: firefox, browserVersion: 135.0.1, moz:accessibilityChecks: false, moz:buildID: 20250216192613, moz:geckodriverVersion: 0.36.0, moz:headless: false, moz:platformVersion: 10.0, moz:processID: 17108, moz:profile: C:\Users\tient\AppData\Loca..., moz:shutdownTimeout: 60000, moz:webdriverClick: true, moz:windowless: false, pageLoadStrategy: normal, platformName: windows, proxy: Proxy(), setWindowRect: true, strictFileInteractability: false, timeouts: {implicit: 0, pageLoad: 300000, script: 30000}, unhandledPromptBehavior: dismiss and notify, userAgent: Mozilla/5.0 (Windows NT 10....}
Session ID: 14cb7c24-24f4-4f23-ac13-e4ff9a28d652">
                <![CDATA[org.openqa.selenium.NoSuchSessionException: Tried to run command without establishing a connection
Build info: version: '4.29.0', revision: '5fc1ec94cb'
System info: os.name: 'Windows 11', os.arch: 'amd64', os.version: '10.0', java.version: '22'
Driver info: org.openqa.selenium.firefox.FirefoxDriver
Command: [14cb7c24-24f4-4f23-ac13-e4ff9a28d652, findElement {value=/html/body/main/div[1]/div[2]/div[2]/div/div/ul/li[3]/button, using=xpath}]
Capabilities {acceptInsecureCerts: true, browserName: firefox, browserVersion: 135.0.1, moz:accessibilityChecks: false, moz:buildID: 20250216192613, moz:geckodriverVersion: 0.36.0, moz:headless: false, moz:platformVersion: 10.0, moz:processID: 17108, moz:profile: C:\Users\tient\AppData\Loca..., moz:shutdownTimeout: 60000, moz:webdriverClick: true, moz:windowless: false, pageLoadStrategy: normal, platformName: windows, proxy: Proxy(), setWindowRect: true, strictFileInteractability: false, timeouts: {implicit: 0, pageLoad: 300000, script: 30000}, unhandledPromptBehavior: dismiss and notify, userAgent: Mozilla/5.0 (Windows NT 10....}
Session ID: 14cb7c24-24f4-4f23-ac13-e4ff9a28d652
                java.base/jdk.internal.reflect.DirectConstructorHandleAccessor.newInstance(DirectConstructorHandleAccessor.java:62)java.base/java.lang.reflect.Constructor.newInstanceWithCaller(Constructor.java:502)java.base/java.lang.reflect.Constructor.newInstance(Constructor.java:486)org.openqa.selenium.remote.ErrorCodec.decode(ErrorCodec.java:167)org.openqa.selenium.remote.codec.w3c.W3CHttpResponseCodec.decode(W3CHttpResponseCodec.java:138)org.openqa.selenium.remote.codec.w3c.W3CHttpResponseCodec.decode(W3CHttpResponseCodec.java:50)org.openqa.selenium.remote.HttpCommandExecutor.execute(HttpCommandExecutor.java:215)org.openqa.selenium.remote.service.DriverCommandExecutor.invokeExecute(DriverCommandExecutor.java:216)org.openqa.selenium.remote.service.DriverCommandExecutor.execute(DriverCommandExecutor.java:174)org.openqa.selenium.remote.RemoteWebDriver.execute(RemoteWebDriver.java:545)org.openqa.selenium.remote.ElementLocation$ElementFinder$2.findElement(ElementLocation.java:165)org.openqa.selenium.remote.ElementLocation.findElement(ElementLocation.java:59)org.openqa.selenium.remote.RemoteWebDriver.findElement(RemoteWebDriver.java:368)org.openqa.selenium.remote.RemoteWebDriver.findElement(RemoteWebDriver.java:362)Test_Script.F03.perform_testTours(F03.java:69)Test_Script.F03.TC05_AdultsNumBlank(F03.java:49)java.base/jdk.internal.reflect.DirectMethodHandleAccessor.invoke(DirectMethodHandleAccessor.java:103)java.base/java.lang.reflect.Method.invoke(Method.java:580)org.testng.internal.invokers.MethodInvocationHelper.invokeMethod(MethodInvocationHelper.java:141)org.testng.internal.invokers.TestInvoker.invokeMethod(TestInvoker.java:686)org.testng.internal.invokers.TestInvoker.invokeTestMethod(TestInvoker.java:230)org.testng.internal.invokers.MethodRunner.runInSequence(MethodRunner.java:63)org.testng.internal.invokers.TestInvoker$MethodInvocationAgent.invoke(TestInvoker.java:992)org.testng.internal.invokers.TestInvoker.invokeTestMethods(TestInvoker.java:203)org.testng.internal.invokers.TestMethodWorker.invokeTestMethods(TestMethodWorker.java:154)org.testng.internal.invokers.TestMethodWorker.run(TestMethodWorker.java:134)java.base/java.util.ArrayList.forEach(ArrayList.java:1597)org.testng.TestRunner.privateRun(TestRunner.java:739)org.testng.TestRunner.run(TestRunner.java:614)org.testng.SuiteRunner.runTest(SuiteRunner.java:421)org.testng.SuiteRunner.runSequentially(SuiteRunner.java:413)org.testng.SuiteRunner.privateRun(SuiteRunner.java:373)org.testng.SuiteRunner.run(SuiteRunner.java:312)org.testng.SuiteRunnerWorker.runSuite(SuiteRunnerWorker.java:52)org.testng.SuiteRunnerWorker.run(SuiteRunnerWorker.java:95)org.testng.TestNG.runSuitesSequentially(TestNG.java:1274)org.testng.TestNG.runSuitesLocally(TestNG.java:1208)org.testng.TestNG.runSuites(TestNG.java:1112)org.testng.TestNG.run(TestNG.java:1079)com.microsoft.java.test.runner.testng.TestNGRunner.run(TestNGRunner.java:45)com.microsoft.java.test.runner.testng.TestNGLauncher.execute(TestNGLauncher.java:32)com.microsoft.java.test.runner.Launcher.main(Launcher.java:57)
]]>
            </failure>
    </testcase>
            <testcase
                name="TC07_ChildNumBlank"
                time="0.003"
                classname="Test_Script.F03">

            <failure type="org.openqa.selenium.NoSuchSessionException" message="Tried to run command without establishing a connection
Build info: version: &apos;4.29.0&apos;, revision: &apos;5fc1ec94cb&apos;
System info: os.name: &apos;Windows 11&apos;, os.arch: &apos;amd64&apos;, os.version: &apos;10.0&apos;, java.version: &apos;22&apos;
Driver info: org.openqa.selenium.firefox.FirefoxDriver
Command: [14cb7c24-24f4-4f23-ac13-e4ff9a28d652, findElement {value=/html/body/main/div[1]/div[2]/div[2]/div/div/ul/li[3]/button, using=xpath}]
Capabilities {acceptInsecureCerts: true, browserName: firefox, browserVersion: 135.0.1, moz:accessibilityChecks: false, moz:buildID: 20250216192613, moz:geckodriverVersion: 0.36.0, moz:headless: false, moz:platformVersion: 10.0, moz:processID: 17108, moz:profile: C:\Users\tient\AppData\Loca..., moz:shutdownTimeout: 60000, moz:webdriverClick: true, moz:windowless: false, pageLoadStrategy: normal, platformName: windows, proxy: Proxy(), setWindowRect: true, strictFileInteractability: false, timeouts: {implicit: 0, pageLoad: 300000, script: 30000}, unhandledPromptBehavior: dismiss and notify, userAgent: Mozilla/5.0 (Windows NT 10....}
Session ID: 14cb7c24-24f4-4f23-ac13-e4ff9a28d652">
                <![CDATA[org.openqa.selenium.NoSuchSessionException: Tried to run command without establishing a connection
Build info: version: '4.29.0', revision: '5fc1ec94cb'
System info: os.name: 'Windows 11', os.arch: 'amd64', os.version: '10.0', java.version: '22'
Driver info: org.openqa.selenium.firefox.FirefoxDriver
Command: [14cb7c24-24f4-4f23-ac13-e4ff9a28d652, findElement {value=/html/body/main/div[1]/div[2]/div[2]/div/div/ul/li[3]/button, using=xpath}]
Capabilities {acceptInsecureCerts: true, browserName: firefox, browserVersion: 135.0.1, moz:accessibilityChecks: false, moz:buildID: 20250216192613, moz:geckodriverVersion: 0.36.0, moz:headless: false, moz:platformVersion: 10.0, moz:processID: 17108, moz:profile: C:\Users\tient\AppData\Loca..., moz:shutdownTimeout: 60000, moz:webdriverClick: true, moz:windowless: false, pageLoadStrategy: normal, platformName: windows, proxy: Proxy(), setWindowRect: true, strictFileInteractability: false, timeouts: {implicit: 0, pageLoad: 300000, script: 30000}, unhandledPromptBehavior: dismiss and notify, userAgent: Mozilla/5.0 (Windows NT 10....}
Session ID: 14cb7c24-24f4-4f23-ac13-e4ff9a28d652
                java.base/jdk.internal.reflect.DirectConstructorHandleAccessor.newInstance(DirectConstructorHandleAccessor.java:62)java.base/java.lang.reflect.Constructor.newInstanceWithCaller(Constructor.java:502)java.base/java.lang.reflect.Constructor.newInstance(Constructor.java:486)org.openqa.selenium.remote.ErrorCodec.decode(ErrorCodec.java:167)org.openqa.selenium.remote.codec.w3c.W3CHttpResponseCodec.decode(W3CHttpResponseCodec.java:138)org.openqa.selenium.remote.codec.w3c.W3CHttpResponseCodec.decode(W3CHttpResponseCodec.java:50)org.openqa.selenium.remote.HttpCommandExecutor.execute(HttpCommandExecutor.java:215)org.openqa.selenium.remote.service.DriverCommandExecutor.invokeExecute(DriverCommandExecutor.java:216)org.openqa.selenium.remote.service.DriverCommandExecutor.execute(DriverCommandExecutor.java:174)org.openqa.selenium.remote.RemoteWebDriver.execute(RemoteWebDriver.java:545)org.openqa.selenium.remote.ElementLocation$ElementFinder$2.findElement(ElementLocation.java:165)org.openqa.selenium.remote.ElementLocation.findElement(ElementLocation.java:59)org.openqa.selenium.remote.RemoteWebDriver.findElement(RemoteWebDriver.java:368)org.openqa.selenium.remote.RemoteWebDriver.findElement(RemoteWebDriver.java:362)Test_Script.F03.perform_testTours(F03.java:69)Test_Script.F03.TC07_ChildNumBlank(F03.java:63)java.base/jdk.internal.reflect.DirectMethodHandleAccessor.invoke(DirectMethodHandleAccessor.java:103)java.base/java.lang.reflect.Method.invoke(Method.java:580)org.testng.internal.invokers.MethodInvocationHelper.invokeMethod(MethodInvocationHelper.java:141)org.testng.internal.invokers.TestInvoker.invokeMethod(TestInvoker.java:686)org.testng.internal.invokers.TestInvoker.invokeTestMethod(TestInvoker.java:230)org.testng.internal.invokers.MethodRunner.runInSequence(MethodRunner.java:63)org.testng.internal.invokers.TestInvoker$MethodInvocationAgent.invoke(TestInvoker.java:992)org.testng.internal.invokers.TestInvoker.invokeTestMethods(TestInvoker.java:203)org.testng.internal.invokers.TestMethodWorker.invokeTestMethods(TestMethodWorker.java:154)org.testng.internal.invokers.TestMethodWorker.run(TestMethodWorker.java:134)java.base/java.util.ArrayList.forEach(ArrayList.java:1597)org.testng.TestRunner.privateRun(TestRunner.java:739)org.testng.TestRunner.run(TestRunner.java:614)org.testng.SuiteRunner.runTest(SuiteRunner.java:421)org.testng.SuiteRunner.runSequentially(SuiteRunner.java:413)org.testng.SuiteRunner.privateRun(SuiteRunner.java:373)org.testng.SuiteRunner.run(SuiteRunner.java:312)org.testng.SuiteRunnerWorker.runSuite(SuiteRunnerWorker.java:52)org.testng.SuiteRunnerWorker.run(SuiteRunnerWorker.java:95)org.testng.TestNG.runSuitesSequentially(TestNG.java:1274)org.testng.TestNG.runSuitesLocally(TestNG.java:1208)org.testng.TestNG.runSuites(TestNG.java:1112)org.testng.TestNG.run(TestNG.java:1079)com.microsoft.java.test.runner.testng.TestNGRunner.run(TestNGRunner.java:45)com.microsoft.java.test.runner.testng.TestNGLauncher.execute(TestNGLauncher.java:32)com.microsoft.java.test.runner.Launcher.main(Launcher.java:57)
]]>
            </failure>
    </testcase>
            <testcase
                name="TC06_ChildNumBelow"
                time="0.003"
                classname="Test_Script.F03">

            <failure type="org.openqa.selenium.NoSuchSessionException" message="Tried to run command without establishing a connection
Build info: version: &apos;4.29.0&apos;, revision: &apos;5fc1ec94cb&apos;
System info: os.name: &apos;Windows 11&apos;, os.arch: &apos;amd64&apos;, os.version: &apos;10.0&apos;, java.version: &apos;22&apos;
Driver info: org.openqa.selenium.firefox.FirefoxDriver
Command: [14cb7c24-24f4-4f23-ac13-e4ff9a28d652, findElement {value=/html/body/main/div[1]/div[2]/div[2]/div/div/ul/li[3]/button, using=xpath}]
Capabilities {acceptInsecureCerts: true, browserName: firefox, browserVersion: 135.0.1, moz:accessibilityChecks: false, moz:buildID: 20250216192613, moz:geckodriverVersion: 0.36.0, moz:headless: false, moz:platformVersion: 10.0, moz:processID: 17108, moz:profile: C:\Users\tient\AppData\Loca..., moz:shutdownTimeout: 60000, moz:webdriverClick: true, moz:windowless: false, pageLoadStrategy: normal, platformName: windows, proxy: Proxy(), setWindowRect: true, strictFileInteractability: false, timeouts: {implicit: 0, pageLoad: 300000, script: 30000}, unhandledPromptBehavior: dismiss and notify, userAgent: Mozilla/5.0 (Windows NT 10....}
Session ID: 14cb7c24-24f4-4f23-ac13-e4ff9a28d652">
                <![CDATA[org.openqa.selenium.NoSuchSessionException: Tried to run command without establishing a connection
Build info: version: '4.29.0', revision: '5fc1ec94cb'
System info: os.name: 'Windows 11', os.arch: 'amd64', os.version: '10.0', java.version: '22'
Driver info: org.openqa.selenium.firefox.FirefoxDriver
Command: [14cb7c24-24f4-4f23-ac13-e4ff9a28d652, findElement {value=/html/body/main/div[1]/div[2]/div[2]/div/div/ul/li[3]/button, using=xpath}]
Capabilities {acceptInsecureCerts: true, browserName: firefox, browserVersion: 135.0.1, moz:accessibilityChecks: false, moz:buildID: 20250216192613, moz:geckodriverVersion: 0.36.0, moz:headless: false, moz:platformVersion: 10.0, moz:processID: 17108, moz:profile: C:\Users\tient\AppData\Loca..., moz:shutdownTimeout: 60000, moz:webdriverClick: true, moz:windowless: false, pageLoadStrategy: normal, platformName: windows, proxy: Proxy(), setWindowRect: true, strictFileInteractability: false, timeouts: {implicit: 0, pageLoad: 300000, script: 30000}, unhandledPromptBehavior: dismiss and notify, userAgent: Mozilla/5.0 (Windows NT 10....}
Session ID: 14cb7c24-24f4-4f23-ac13-e4ff9a28d652
                java.base/jdk.internal.reflect.DirectConstructorHandleAccessor.newInstance(DirectConstructorHandleAccessor.java:62)java.base/java.lang.reflect.Constructor.newInstanceWithCaller(Constructor.java:502)java.base/java.lang.reflect.Constructor.newInstance(Constructor.java:486)org.openqa.selenium.remote.ErrorCodec.decode(ErrorCodec.java:167)org.openqa.selenium.remote.codec.w3c.W3CHttpResponseCodec.decode(W3CHttpResponseCodec.java:138)org.openqa.selenium.remote.codec.w3c.W3CHttpResponseCodec.decode(W3CHttpResponseCodec.java:50)org.openqa.selenium.remote.HttpCommandExecutor.execute(HttpCommandExecutor.java:215)org.openqa.selenium.remote.service.DriverCommandExecutor.invokeExecute(DriverCommandExecutor.java:216)org.openqa.selenium.remote.service.DriverCommandExecutor.execute(DriverCommandExecutor.java:174)org.openqa.selenium.remote.RemoteWebDriver.execute(RemoteWebDriver.java:545)org.openqa.selenium.remote.ElementLocation$ElementFinder$2.findElement(ElementLocation.java:165)org.openqa.selenium.remote.ElementLocation.findElement(ElementLocation.java:59)org.openqa.selenium.remote.RemoteWebDriver.findElement(RemoteWebDriver.java:368)org.openqa.selenium.remote.RemoteWebDriver.findElement(RemoteWebDriver.java:362)Test_Script.F03.perform_testTours(F03.java:69)Test_Script.F03.TC06_ChildNumBelow(F03.java:56)java.base/jdk.internal.reflect.DirectMethodHandleAccessor.invoke(DirectMethodHandleAccessor.java:103)java.base/java.lang.reflect.Method.invoke(Method.java:580)org.testng.internal.invokers.MethodInvocationHelper.invokeMethod(MethodInvocationHelper.java:141)org.testng.internal.invokers.TestInvoker.invokeMethod(TestInvoker.java:686)org.testng.internal.invokers.TestInvoker.invokeTestMethod(TestInvoker.java:230)org.testng.internal.invokers.MethodRunner.runInSequence(MethodRunner.java:63)org.testng.internal.invokers.TestInvoker$MethodInvocationAgent.invoke(TestInvoker.java:992)org.testng.internal.invokers.TestInvoker.invokeTestMethods(TestInvoker.java:203)org.testng.internal.invokers.TestMethodWorker.invokeTestMethods(TestMethodWorker.java:154)org.testng.internal.invokers.TestMethodWorker.run(TestMethodWorker.java:134)java.base/java.util.ArrayList.forEach(ArrayList.java:1597)org.testng.TestRunner.privateRun(TestRunner.java:739)org.testng.TestRunner.run(TestRunner.java:614)org.testng.SuiteRunner.runTest(SuiteRunner.java:421)org.testng.SuiteRunner.runSequentially(SuiteRunner.java:413)org.testng.SuiteRunner.privateRun(SuiteRunner.java:373)org.testng.SuiteRunner.run(SuiteRunner.java:312)org.testng.SuiteRunnerWorker.runSuite(SuiteRunnerWorker.java:52)org.testng.SuiteRunnerWorker.run(SuiteRunnerWorker.java:95)org.testng.TestNG.runSuitesSequentially(TestNG.java:1274)org.testng.TestNG.runSuitesLocally(TestNG.java:1208)org.testng.TestNG.runSuites(TestNG.java:1112)org.testng.TestNG.run(TestNG.java:1079)com.microsoft.java.test.runner.testng.TestNGRunner.run(TestNGRunner.java:45)com.microsoft.java.test.runner.testng.TestNGLauncher.execute(TestNGLauncher.java:32)com.microsoft.java.test.runner.Launcher.main(Launcher.java:57)
]]>
            </failure>
    </testcase>
            <testcase
                name="TC02_IncorrectLocation"
                time="8.056"
                classname="Test_Script.F03">

            <failure type="java.lang.NullPointerException" message="Cannot invoke &quot;org.openqa.selenium.WebDriver.findElement(org.openqa.selenium.By)&quot; because &quot;driver&quot; is null">
                <![CDATA[java.lang.NullPointerException: Cannot invoke "org.openqa.selenium.WebDriver.findElement(org.openqa.selenium.By)" because "driver" is null
                org.openqa.selenium.support.ui.ExpectedConditions$7.apply(ExpectedConditions.java:194)org.openqa.selenium.support.ui.ExpectedConditions$7.apply(ExpectedConditions.java:190)org.openqa.selenium.support.ui.FluentWait.until(FluentWait.java:203)Test_Script.F03.TC02_IncorrectLocation(F03.java:28)java.base/jdk.internal.reflect.DirectMethodHandleAccessor.invoke(DirectMethodHandleAccessor.java:103)java.base/java.lang.reflect.Method.invoke(Method.java:580)org.testng.internal.invokers.MethodInvocationHelper.invokeMethod(MethodInvocationHelper.java:141)org.testng.internal.invokers.TestInvoker.invokeMethod(TestInvoker.java:686)org.testng.internal.invokers.TestInvoker.invokeTestMethod(TestInvoker.java:230)org.testng.internal.invokers.MethodRunner.runInSequence(MethodRunner.java:63)org.testng.internal.invokers.TestInvoker$MethodInvocationAgent.invoke(TestInvoker.java:992)org.testng.internal.invokers.TestInvoker.invokeTestMethods(TestInvoker.java:203)org.testng.internal.invokers.TestMethodWorker.invokeTestMethods(TestMethodWorker.java:154)org.testng.internal.invokers.TestMethodWorker.run(TestMethodWorker.java:134)java.base/java.util.ArrayList.forEach(ArrayList.java:1597)org.testng.TestRunner.privateRun(TestRunner.java:739)org.testng.TestRunner.run(TestRunner.java:614)org.testng.SuiteRunner.runTest(SuiteRunner.java:421)org.testng.SuiteRunner.runSequentially(SuiteRunner.java:413)org.testng.SuiteRunner.privateRun(SuiteRunner.java:373)org.testng.SuiteRunner.run(SuiteRunner.java:312)org.testng.SuiteRunnerWorker.runSuite(SuiteRunnerWorker.java:52)org.testng.SuiteRunnerWorker.run(SuiteRunnerWorker.java:95)org.testng.TestNG.runSuitesSequentially(TestNG.java:1274)org.testng.TestNG.runSuitesLocally(TestNG.java:1208)org.testng.TestNG.runSuites(TestNG.java:1112)org.testng.TestNG.run(TestNG.java:1079)com.microsoft.java.test.runner.testng.TestNGRunner.run(TestNGRunner.java:45)com.microsoft.java.test.runner.testng.TestNGLauncher.execute(TestNGLauncher.java:32)com.microsoft.java.test.runner.Launcher.main(Launcher.java:57)
]]>
            </failure>
    </testcase>


            <testcase
                name="TC01_Correct"
                time="8.763"
                classname="Test_Script.F03">
            </testcase>
            <testcase
                name="TC03_LocationBlank"
                time="7.066"
                classname="Test_Script.F03">
            </testcase>
</testsuite>
